<?xml version="1.0" encoding="UTF-8"?>
<!-- Generated by org.testng.reporters.JUnitReportReporter -->
<testsuite skipped="0" hostname="EPINHYDW07BB" name="misc.Validate" tests="1" failures="0" timestamp="31 Mar 2021 06:50:14 GMT" time="5.681" errors="0">
  <testcase name="init" time="5.681" classname="misc.Validate"/>
</testsuite> <!-- misc.Validate -->
